<?xml version="1.0" encoding="UTF-8"?>
<robot generator="Robot 5.0.1 (Python 3.10.7 on win32)" generated="20221106 20:06:06.135" rpa="false" schemaversion="3">
<suite id="s1" name="Tests" source="C:\conjuntos\tests">
<suite id="s1-s1" name="loginEmpresa" source="C:\conjuntos\tests\loginEmpresa.robot">
<test id="s1-s1-t1" name="CT06: Validar tela da segunda etapa do login de Empresa" line="33">
<kw name="Start Test" library="loginEmpresa" type="SETUP">
<kw name="New Browser" library="Browser">
<arg>headless=False</arg>
<tag>BrowserControl</tag>
<tag>Setter</tag>
<doc>Create a new playwright Browser with specified options.</doc>
<msg timestamp="20221106 20:06:08.428" level="INFO">{"browser": "chromium", "headless": false, "devtools": false, "handleSIGHUP": true, "handleSIGINT": true, "handleSIGTERM": true, "slowMo": 0.0, "timeout": 30000.0, "deprecated_pos_args": [], "tracesDir": "C:\\conjuntos\\logs\\browser\\traces\\d8ff6182-44eb-4829-ab2f-e71de65ef54d"}</msg>
<msg timestamp="20221106 20:06:09.569" level="INFO">Successfully created browser with options: {"browser":"chromium","headless":false,"devtools":false,"handleSIGHUP":true,"handleSIGINT":true,"handleSIGTERM":true,"slowMo":0,"timeout":30000,"deprecated_pos_args":[],"tracesDir":"C:\\conjuntos\\logs\\browser\\traces\\d8ff6182-44eb-4829-ab2f-e71de65ef54d"}</msg>
<status status="PASS" starttime="20221106 20:06:08.426" endtime="20221106 20:06:09.569"/>
</kw>
<kw name="New Page" library="Browser">
<arg>${url}</arg>
<tag>BrowserControl</tag>
<tag>Setter</tag>
<doc>Open a new Page.</doc>
<msg timestamp="20221106 20:06:12.584" level="INFO">Successfully initialized new page object and opened url: http://172.16.2.12:3000/conjuntos/empresa/login</msg>
<msg timestamp="20221106 20:06:12.585" level="INFO">No context was open. New context was automatically opened when this page is created.</msg>
<status status="PASS" starttime="20221106 20:06:09.570" endtime="20221106 20:06:12.585"/>
</kw>
<kw name="Sleep" library="BuiltIn">
<arg>1</arg>
<doc>Pauses the test executed for the given time.</doc>
<msg timestamp="20221106 20:06:13.590" level="INFO">Slept 1 second</msg>
<status status="PASS" starttime="20221106 20:06:12.585" endtime="20221106 20:06:13.590"/>
</kw>
<status status="PASS" starttime="20221106 20:06:08.425" endtime="20221106 20:06:13.591"/>
</kw>
<kw name="Login com CNPJ/CPF válido" library="loginEmpresa">
<arg>87.958.583/0001-46</arg>
<kw name="Fill Text" library="Browser">
<arg>css=input[name=cnpjCpf]</arg>
<arg>${cpf/cnpj}</arg>
<tag>PageContent</tag>
<tag>Setter</tag>
<doc>Clears and fills the given ``txt`` into the text field found by ``selector``.</doc>
<msg timestamp="20221106 20:06:13.594" level="INFO">Fills the text '87.958.583/0001-46' in the given field.</msg>
<status status="PASS" starttime="20221106 20:06:13.593" endtime="20221106 20:06:13.749"/>
</kw>
<kw name="Click" library="Browser">
<arg>css=button &gt;&gt; text=PROSSEGUIR</arg>
<tag>PageContent</tag>
<tag>Setter</tag>
<doc>Simulates mouse click on the element found by ``selector``.</doc>
<status status="PASS" starttime="20221106 20:06:13.749" endtime="20221106 20:06:13.903"/>
</kw>
<kw name="Sleep" library="BuiltIn">
<arg>1</arg>
<doc>Pauses the test executed for the given time.</doc>
<msg timestamp="20221106 20:06:14.911" level="INFO">Slept 1 second</msg>
<status status="PASS" starttime="20221106 20:06:13.904" endtime="20221106 20:06:14.911"/>
</kw>
<kw name="Get Element" library="Browser">
<arg>css=button &gt;&gt; text=ENTRAR</arg>
<tag>Getter</tag>
<tag>PageContent</tag>
<doc>Returns a reference to a Playwright [https://playwright.dev/docs/api/class-locator|Locator].</doc>
<msg timestamp="20221106 20:06:14.944" level="INFO">Locator found successfully.</msg>
<status status="PASS" starttime="20221106 20:06:14.912" endtime="20221106 20:06:14.944"/>
</kw>
<status status="PASS" starttime="20221106 20:06:13.592" endtime="20221106 20:06:14.945"/>
</kw>
<kw name="Validar título da página de login Empresa" library="loginEmpresa">
<kw name="Sleep" library="BuiltIn">
<arg>1</arg>
<doc>Pauses the test executed for the given time.</doc>
<msg timestamp="20221106 20:06:15.961" level="INFO">Slept 1 second</msg>
<status status="PASS" starttime="20221106 20:06:14.956" endtime="20221106 20:06:15.961"/>
</kw>
<kw name="Get Title" library="Browser">
<arg>equal</arg>
<arg>${title}</arg>
<tag>Assertion</tag>
<tag>Getter</tag>
<tag>PageContent</tag>
<doc>Returns the title of the current page.</doc>
<status status="PASS" starttime="20221106 20:06:15.961" endtime="20221106 20:06:15.973"/>
</kw>
<status status="PASS" starttime="20221106 20:06:14.955" endtime="20221106 20:06:15.973"/>
</kw>
<kw name="Validar campos da tela de login Empresa" library="loginEmpresa">
<kw name="Get Element" library="Browser">
<arg>xpath=//div[@id='__next']/div/main/div/div/div/div/div/form/div[2]/div/input</arg>
<tag>Getter</tag>
<tag>PageContent</tag>
<doc>Returns a reference to a Playwright [https://playwright.dev/docs/api/class-locator|Locator].</doc>
<msg timestamp="20221106 20:06:15.996" level="INFO">Locator found successfully.</msg>
<status status="PASS" starttime="20221106 20:06:15.975" endtime="20221106 20:06:15.996"/>
</kw>
<kw name="Get Element" library="Browser">
<arg>css=input[name='password']</arg>
<tag>Getter</tag>
<tag>PageContent</tag>
<doc>Returns a reference to a Playwright [https://playwright.dev/docs/api/class-locator|Locator].</doc>
<msg timestamp="20221106 20:06:16.021" level="INFO">Locator found successfully.</msg>
<status status="PASS" starttime="20221106 20:06:15.997" endtime="20221106 20:06:16.021"/>
</kw>
<status status="PASS" starttime="20221106 20:06:15.974" endtime="20221106 20:06:16.022"/>
</kw>
<kw name="Validar botoes da tela de login Empresa" library="loginEmpresa">
<kw name="Get Element" library="Browser">
<arg>css=button &gt;&gt; text=VOLTAR</arg>
<tag>Getter</tag>
<tag>PageContent</tag>
<doc>Returns a reference to a Playwright [https://playwright.dev/docs/api/class-locator|Locator].</doc>
<msg timestamp="20221106 20:06:16.046" level="INFO">Locator found successfully.</msg>
<status status="PASS" starttime="20221106 20:06:16.024" endtime="20221106 20:06:16.046"/>
</kw>
<kw name="Get Element" library="Browser">
<arg>css=button &gt;&gt; text=ENTRAR</arg>
<tag>Getter</tag>
<tag>PageContent</tag>
<doc>Returns a reference to a Playwright [https://playwright.dev/docs/api/class-locator|Locator].</doc>
<msg timestamp="20221106 20:06:16.068" level="INFO">Locator found successfully.</msg>
<status status="PASS" starttime="20221106 20:06:16.047" endtime="20221106 20:06:16.069"/>
</kw>
<kw name="Get Element" library="Browser">
<arg>xpath=//a[contains(text(),'Esqueci ou não tenho senha')]</arg>
<tag>Getter</tag>
<tag>PageContent</tag>
<doc>Returns a reference to a Playwright [https://playwright.dev/docs/api/class-locator|Locator].</doc>
<msg timestamp="20221106 20:06:16.089" level="INFO">Locator found successfully.</msg>
<status status="PASS" starttime="20221106 20:06:16.069" endtime="20221106 20:06:16.090"/>
</kw>
<status status="PASS" starttime="20221106 20:06:16.023" endtime="20221106 20:06:16.090"/>
</kw>
<kw name="Finish Test" library="loginEmpresa" type="TEARDOWN">
<kw name="Sleep" library="BuiltIn">
<arg>1</arg>
<doc>Pauses the test executed for the given time.</doc>
<msg timestamp="20221106 20:06:17.102" level="INFO">Slept 1 second</msg>
<status status="PASS" starttime="20221106 20:06:16.092" endtime="20221106 20:06:17.102"/>
</kw>
<kw name="Take Screenshot" library="Browser">
<tag>PageContent</tag>
<doc>Takes a screenshot of the current window or element and saves it to disk.</doc>
<msg timestamp="20221106 20:06:17.315" level="INFO" html="true">&lt;/td&gt;&lt;/tr&gt;&lt;tr&gt;&lt;td colspan="3"&gt;&lt;a href="browser/screenshot/robotframework-browser-screenshot-1.png"&gt;&lt;img src="browser/screenshot/robotframework-browser-screenshot-1.png" width="800px"&gt;&lt;/a&gt;</msg>
<status status="PASS" starttime="20221106 20:06:17.103" endtime="20221106 20:06:17.315"/>
</kw>
<status status="PASS" starttime="20221106 20:06:16.091" endtime="20221106 20:06:17.316"/>
</kw>
<status status="PASS" starttime="20221106 20:06:08.418" endtime="20221106 20:06:17.318"/>
</test>
<doc>Tela de Login de Empresa da Conjuntos</doc>
<status status="PASS" starttime="20221106 20:06:06.218" endtime="20221106 20:06:17.500"/>
</suite>
<status status="PASS" starttime="20221106 20:06:06.139" endtime="20221106 20:06:17.517"/>
</suite>
<statistics>
<total>
<stat pass="1" fail="0" skip="0">All Tests</stat>
</total>
<tag>
</tag>
<suite>
<stat pass="1" fail="0" skip="0" id="s1" name="Tests">Tests</stat>
<stat pass="1" fail="0" skip="0" id="s1-s1" name="loginEmpresa">Tests.loginEmpresa</stat>
</suite>
</statistics>
<errors>
</errors>
</robot>
